<?xml version="1.0" encoding="utf-8" standalone="no"?>
<!--This file represents the results of running a test suite-->
<test-results name="C:\Users\Will\Documents\My Dropbox\School\ASP.Net\Submitter\src\Submitter\Tests\bin\Submitter.Tests.dll" total="2" errors="0" failures="0" not-run="0" inconclusive="0" ignored="0" skipped="0" invalid="0" date="2011-10-28" time="13:58:00">
  <environment nunit-version="2.5.10.11092" clr-version="2.0.50727.4963" os-version="Microsoft Windows NT 6.1.7600.0" platform="Win32NT" cwd="C:\Users\Will\Documents\My Dropbox\School\ASP.Net\Submitter\src\Submitter\Tests\bin" machine-name="WILL-PC" user="Will" user-domain="Will-PC" />
  <culture-info current-culture="en-US" current-uiculture="en-US" />
  <test-suite type="Assembly" name="C:\Users\Will\Documents\My Dropbox\School\ASP.Net\Submitter\src\Submitter\Tests\bin\Submitter.Tests.dll" executed="True" result="Success" success="True" time="1.853" asserts="0">
    <results>
      <test-suite type="Namespace" name="Submitter" executed="True" result="Success" success="True" time="1.850" asserts="0">
        <results>
          <test-suite type="Namespace" name="Tests" executed="True" result="Success" success="True" time="1.849" asserts="0">
            <results>
              <test-suite type="Namespace" name="BusinessLogic" executed="True" result="Success" success="True" time="0.249" asserts="0">
                <results>
                  <test-suite type="Namespace" name="BO" executed="True" result="Success" success="True" time="0.249" asserts="0">
                    <results>
                      <test-suite type="TestFixture" name="SubmitterBOTest" executed="True" result="Success" success="True" time="0.249" asserts="0">
                        <results>
                          <test-case name="Submitter.Tests.BusinessLogic.BO.SubmitterBOTest.Test" executed="True" result="Success" success="True" time="0.005" asserts="0" />
                        </results>
                      </test-suite>
                    </results>
                  </test-suite>
                </results>
              </test-suite>
              <test-suite type="Namespace" name="DataAccess" executed="True" result="Success" success="True" time="1.595" asserts="0">
                <results>
                  <test-suite type="Namespace" name="DAO" executed="True" result="Success" success="True" time="1.595" asserts="0">
                    <results>
                      <test-suite type="TestFixture" name="SubmissionDAOTest" executed="True" result="Success" success="True" time="1.595" asserts="0">
                        <results>
                          <test-case name="Submitter.Tests.DataAccess.DAO.SubmissionDAOTest.SubmissionInsertTest" executed="True" result="Success" success="True" time="0.001" asserts="0" />
                        </results>
                      </test-suite>
                    </results>
                  </test-suite>
                </results>
              </test-suite>
            </results>
          </test-suite>
        </results>
      </test-suite>
    </results>
  </test-suite>
</test-results>